<?xml version="1.0" encoding="UTF-8"?>
<testng-results ignored="0" total="4" passed="4" failed="0" skipped="0">
  <reporter-output>
  </reporter-output>
  <suite started-at="2023-11-11T19:58:47 CET" name="Default suite" finished-at="2023-11-11T19:58:48 CET" duration-ms="84">
    <groups>
    </groups>
    <test started-at="2023-11-11T19:58:47 CET" name="Default test" finished-at="2023-11-11T19:58:48 CET" duration-ms="84">
      <class name="es.upo.cal.pruebaInteger">
        <test-method signature="testMaxValue()[pri:0, instance:es.upo.cal.pruebaInteger@43195e57]" started-at="2023-11-11T19:58:48 CET" name="testMaxValue" finished-at="2023-11-11T19:58:48 CET" duration-ms="15" status="PASS">
          <reporter-output>
          </reporter-output>
        </test-method> <!-- testMaxValue -->
        <test-method signature="testMinValue()[pri:0, instance:es.upo.cal.pruebaInteger@43195e57]" started-at="2023-11-11T19:58:48 CET" name="testMinValue" finished-at="2023-11-11T19:58:48 CET" duration-ms="1" status="PASS">
          <reporter-output>
          </reporter-output>
        </test-method> <!-- testMinValue -->
        <test-method signature="testParseInt()[pri:0, instance:es.upo.cal.pruebaInteger@43195e57]" started-at="2023-11-11T19:58:48 CET" name="testParseInt" finished-at="2023-11-11T19:58:48 CET" duration-ms="3" status="PASS">
          <reporter-output>
          </reporter-output>
        </test-method> <!-- testParseInt -->
        <test-method signature="testParseIntWithException()[pri:0, instance:es.upo.cal.pruebaInteger@43195e57]" started-at="2023-11-11T19:58:48 CET" name="testParseIntWithException" finished-at="2023-11-11T19:58:48 CET" duration-ms="2" status="PASS">
          <exception class="java.lang.NumberFormatException">
            <message>
              <![CDATA[For input string: "abc"]]>
            </message>
            <full-stacktrace>
              <![CDATA[java.lang.NumberFormatException: For input string: "abc"
at java.base/java.lang.NumberFormatException.forInputString(NumberFormatException.java:67)
at java.base/java.lang.Integer.parseInt(Integer.java:665)
at java.base/java.lang.Integer.parseInt(Integer.java:781)
at es.upo.cal.pruebaInteger.testParseIntWithException(pruebaInteger.java:24)
at java.base/jdk.internal.reflect.DirectMethodHandleAccessor.invoke(DirectMethodHandleAccessor.java:104)
at java.base/java.lang.reflect.Method.invoke(Method.java:578)
at org.testng.internal.invokers.MethodInvocationHelper.invokeMethod(MethodInvocationHelper.java:139)
at org.testng.internal.invokers.TestInvoker.invokeMethod(TestInvoker.java:664)
at org.testng.internal.invokers.TestInvoker.invokeTestMethod(TestInvoker.java:227)
at org.testng.internal.invokers.MethodRunner.runInSequence(MethodRunner.java:50)
at org.testng.internal.invokers.TestInvoker$MethodInvocationAgent.invoke(TestInvoker.java:957)
at org.testng.internal.invokers.TestInvoker.invokeTestMethods(TestInvoker.java:200)
at org.testng.internal.invokers.TestMethodWorker.invokeTestMethods(TestMethodWorker.java:148)
at org.testng.internal.invokers.TestMethodWorker.run(TestMethodWorker.java:128)
at java.base/java.util.ArrayList.forEach(ArrayList.java:1511)
at org.testng.TestRunner.privateRun(TestRunner.java:848)
at org.testng.TestRunner.run(TestRunner.java:621)
at org.testng.SuiteRunner.runTest(SuiteRunner.java:443)
at org.testng.SuiteRunner.runSequentially(SuiteRunner.java:437)
at org.testng.SuiteRunner.privateRun(SuiteRunner.java:397)
at org.testng.SuiteRunner.run(SuiteRunner.java:336)
at org.testng.SuiteRunnerWorker.runSuite(SuiteRunnerWorker.java:52)
at org.testng.SuiteRunnerWorker.run(SuiteRunnerWorker.java:95)
at org.testng.TestNG.runSuitesSequentially(TestNG.java:1280)
at org.testng.TestNG.runSuitesLocally(TestNG.java:1200)
at org.testng.TestNG.runSuites(TestNG.java:1114)
at org.testng.TestNG.run(TestNG.java:1082)
at org.testng.remote.AbstractRemoteTestNG.run(AbstractRemoteTestNG.java:115)
at org.testng.remote.RemoteTestNG.initAndRun(RemoteTestNG.java:251)
at org.testng.remote.RemoteTestNG.main(RemoteTestNG.java:77)
]]>
            </full-stacktrace>
          </exception> <!-- java.lang.NumberFormatException -->
          <reporter-output>
          </reporter-output>
        </test-method> <!-- testParseIntWithException -->
      </class> <!-- es.upo.cal.pruebaInteger -->
    </test> <!-- Default test -->
  </suite> <!-- Default suite -->
</testng-results>
