<?xml version="1.0" encoding="UTF-8"?>
<!-- Generated by org.testng.reporters.JUnitXMLReporter -->
<testsuite ignored="0" hostname="Pablo" failures="0" tests="4" name="Default test" time="0.084" errors="0" timestamp="2023-11-11T19:58:48 CET">
  <testcase classname="es.upo.cal.pruebaInteger" name="testMaxValue" time="0.015"/>
  <testcase classname="es.upo.cal.pruebaInteger" name="testMinValue" time="0.001"/>
  <testcase classname="es.upo.cal.pruebaInteger" name="testParseInt" time="0.003"/>
  <testcase classname="es.upo.cal.pruebaInteger" name="testParseIntWithException" time="0.002"/>
</testsuite> <!-- Default test -->
